The target system is: Generic - 1 - armv7-a
The host system is: MINGW64_NT-10.0-18362 - 3.1.5-340.x86_64 - unknown
Compiling the C compiler identification source file "CMakeCCompilerId.c" succeeded.
Compiler: /usr/local/vitasdk/bin/arm-vita-eabi-gcc 
Build flags: ;-Wl,-q
Id flags:  

The output was:
0


Compilation of the C compiler identification source "CMakeCCompilerId.c" produced "a.out"

The C compiler identification is GNU, found in "/d/Scripts/Vita/VEngine/build/CMakeFiles/3.17.3/CompilerIdC/a.out"

Compiling the CXX compiler identification source file "CMakeCXXCompilerId.cpp" succeeded.
Compiler: /usr/local/vitasdk/bin/arm-vita-eabi-g++ 
Build flags: ;-Wl,-q
Id flags:  

The output was:
0


Compilation of the CXX compiler identification source "CMakeCXXCompilerId.cpp" produced "a.out"

The CXX compiler identification is GNU, found in "/d/Scripts/Vita/VEngine/build/CMakeFiles/3.17.3/CompilerIdCXX/a.out"

Determining if the C compiler works passed with the following output:
Change Dir: /d/Scripts/Vita/VEngine/build/CMakeFiles/CMakeTmp

Run Build Command(s):/usr/bin/make.exe cmTC_b4fbe/fast && /usr/bin/make  -f CMakeFiles/cmTC_b4fbe.dir/build.make CMakeFiles/cmTC_b4fbe.dir/build
make[1]: Entering directory '/d/Scripts/Vita/VEngine/build/CMakeFiles/CMakeTmp'
Building C object CMakeFiles/cmTC_b4fbe.dir/testCCompiler.c.obj
/usr/local/vitasdk/bin/arm-vita-eabi-gcc   -Wl,-q    -o CMakeFiles/cmTC_b4fbe.dir/testCCompiler.c.obj   -c /d/Scripts/Vita/VEngine/build/CMakeFiles/CMakeTmp/testCCompiler.c
Linking C executable cmTC_b4fbe
/usr/bin/cmake.exe -E cmake_link_script CMakeFiles/cmTC_b4fbe.dir/link.txt --verbose=1
/usr/local/vitasdk/bin/arm-vita-eabi-gcc  -Wl,-q   -Wl,-z,nocopyreloc  CMakeFiles/cmTC_b4fbe.dir/testCCompiler.c.obj  -o cmTC_b4fbe 
make[1]: Leaving directory '/d/Scripts/Vita/VEngine/build/CMakeFiles/CMakeTmp'



Detecting C compiler ABI info compiled with the following output:
Change Dir: /d/Scripts/Vita/VEngine/build/CMakeFiles/CMakeTmp

Run Build Command(s):/usr/bin/make.exe cmTC_9f7e8/fast && /usr/bin/make  -f CMakeFiles/cmTC_9f7e8.dir/build.make CMakeFiles/cmTC_9f7e8.dir/build
make[1]: Entering directory '/d/Scripts/Vita/VEngine/build/CMakeFiles/CMakeTmp'
Building C object CMakeFiles/cmTC_9f7e8.dir/CMakeCCompilerABI.c.obj
/usr/local/vitasdk/bin/arm-vita-eabi-gcc   -Wl,-q    -v -o CMakeFiles/cmTC_9f7e8.dir/CMakeCCompilerABI.c.obj   -c /usr/share/cmake-3.17.3/Modules/CMakeCCompilerABI.c
Using built-in specs.
COLLECT_GCC=C:\msys64\usr\local\vitasdk\bin\arm-vita-eabi-gcc.exe
Target: arm-vita-eabi
Configured with: /home/travis/build/vitasdk/autobuilds/buildscripts/build/gcc-final-prefix/src/gcc-final/configure --build=x86_64-linux-gnu --host=x86_64-w64-mingw32 --target=arm-vita-eabi --prefix=/home/travis/build/vitasdk/autobuilds/buildscripts/build/vitasdk --libdir=/home/travis/build/vitasdk/autobuilds/buildscripts/build/vitasdk/lib --libexecdir=/home/travis/build/vitasdk/autobuilds/buildscripts/build/vitasdk/lib --with-sysroot=/home/travis/build/vitasdk/autobuilds/buildscripts/build/vitasdk/arm-vita-eabi --with-gmp=/home/travis/build/vitasdk/autobuilds/buildscripts/build/deps_host --with-mpfr=/home/travis/build/vitasdk/autobuilds/buildscripts/build/deps_host --with-mpc=/home/travis/build/vitasdk/autobuilds/buildscripts/build/deps_host --with-isl=/home/travis/build/vitasdk/autobuilds/buildscripts/build/deps_host --with-libelf=/home/travis/build/vitasdk/autobuilds/buildscripts/build/deps_host --with-python-dir=share/gcc-arm-vita-eabi --enable-languages=c,c++ --disable-decimal-float --disable-libffi --disable-libgomp --disable-libmudflap --disable-libquadmath --disable-libssp --disable-libstdcxx-pch --disable-nls --disable-shared --disable-tls --with-gnu-as --with-gnu-ld --with-newlib --disable-multilib --with-arch=armv7-a --with-tune=cortex-a9 --with-fpu=neon --with-float=hard --with-mode=thumb --with-pkgversion='GNU Tools for ARM Embedded Processors' --with-host-libstdcxx='-static-libgcc -Wl,-Bstatic,-lstdc++,-Bdynamic -lm' --with-headers=yes --enable-threads=posix
Thread model: posix
gcc version 7.3.0 (GNU Tools for ARM Embedded Processors) 
COLLECT_GCC_OPTIONS='-v' '-o' 'CMakeFiles/cmTC_9f7e8.dir/CMakeCCompilerABI.c.obj' '-c' '-march=armv7-a' '-mtune=cortex-a9' '-mfloat-abi=hard' '-mfpu=neon' '-mthumb'
 c:/msys64/usr/local/vitasdk/bin/../lib/gcc/arm-vita-eabi/7.3.0/cc1.exe -quiet -v -iprefix c:\msys64\usr\local\vitasdk\bin\../lib/gcc/arm-vita-eabi/7.3.0/ -isysroot c:\msys64\usr\local\vitasdk\bin\../arm-vita-eabi -D__USES_INITFINI__ C:/msys64/usr/share/cmake-3.17.3/Modules/CMakeCCompilerABI.c -quiet -dumpbase CMakeCCompilerABI.c -march=armv7-a -mtune=cortex-a9 -mfloat-abi=hard -mfpu=neon -mthumb -auxbase-strip CMakeFiles/cmTC_9f7e8.dir/CMakeCCompilerABI.c.obj -version -o C:\msys64\tmp\cclusepV.s
GNU C11 (GNU Tools for ARM Embedded Processors) version 7.3.0 (arm-vita-eabi)
	compiled by GNU C version 4.8.2, GMP version 6.1.2, MPFR version 4.0.0, MPC version 1.1.0, isl version isl-0.18-GMP

GGC heuristics: --param ggc-min-expand=100 --param ggc-min-heapsize=131072
ignoring duplicate directory "c:/msys64/usr/local/vitasdk/lib/gcc/../../lib/gcc/arm-vita-eabi/7.3.0/include"
ignoring nonexistent directory "c:\msys64\usr\local\vitasdk\bin\../arm-vita-eabi/home/travis/build/vitasdk/autobuilds/buildscripts/build/vitasdk/lib/gcc/arm-vita-eabi/7.3.0/../../../../include"
ignoring duplicate directory "c:/msys64/usr/local/vitasdk/lib/gcc/../../lib/gcc/arm-vita-eabi/7.3.0/include-fixed"
ignoring duplicate directory "c:/msys64/usr/local/vitasdk/lib/gcc/../../lib/gcc/arm-vita-eabi/7.3.0/../../../../arm-vita-eabi/include"
ignoring nonexistent directory "c:\msys64\usr\local\vitasdk\bin\../arm-vita-eabi/usr/include"
#include "..." search starts here:
#include <...> search starts here:
 c:\msys64\usr\local\vitasdk\bin\../lib/gcc/arm-vita-eabi/7.3.0/include
 c:\msys64\usr\local\vitasdk\bin\../lib/gcc/arm-vita-eabi/7.3.0/include-fixed
 c:\msys64\usr\local\vitasdk\bin\../lib/gcc/arm-vita-eabi/7.3.0/../../../../arm-vita-eabi/include
End of search list.
GNU C11 (GNU Tools for ARM Embedded Processors) version 7.3.0 (arm-vita-eabi)
	compiled by GNU C version 4.8.2, GMP version 6.1.2, MPFR version 4.0.0, MPC version 1.1.0, isl version isl-0.18-GMP

GGC heuristics: --param ggc-min-expand=100 --param ggc-min-heapsize=131072
Compiler executable checksum: 59ee807170ccc053193fb2d1b08f8770
COLLECT_GCC_OPTIONS='-v' '-o' 'CMakeFiles/cmTC_9f7e8.dir/CMakeCCompilerABI.c.obj' '-c' '-march=armv7-a' '-mtune=cortex-a9' '-mfloat-abi=hard' '-mfpu=neon' '-mthumb'
 c:/msys64/usr/local/vitasdk/bin/../lib/gcc/arm-vita-eabi/7.3.0/../../../../arm-vita-eabi/bin/as.exe -v -march=armv7-a -mfloat-abi=hard -mfpu=neon -meabi=5 -o CMakeFiles/cmTC_9f7e8.dir/CMakeCCompilerABI.c.obj C:\msys64\tmp\cclusepV.s
GNU assembler version 2.30 (arm-vita-eabi) using BFD version (GNU Tools for ARM Embedded Processors) 2.30
COMPILER_PATH=c:/msys64/usr/local/vitasdk/bin/../lib/gcc/arm-vita-eabi/7.3.0/;c:/msys64/usr/local/vitasdk/bin/../lib/gcc/;c:/msys64/usr/local/vitasdk/bin/../lib/gcc/arm-vita-eabi/7.3.0/../../../../arm-vita-eabi/bin/
LIBRARY_PATH=c:/msys64/usr/local/vitasdk/bin/../lib/gcc/arm-vita-eabi/7.3.0/;c:/msys64/usr/local/vitasdk/bin/../lib/gcc/;c:/msys64/usr/local/vitasdk/bin/../lib/gcc/arm-vita-eabi/7.3.0/../../../../arm-vita-eabi/lib/;c:/msys64/usr/local/vitasdk/bin/../arm-vita-eabi/lib/
COLLECT_GCC_OPTIONS='-v' '-o' 'CMakeFiles/cmTC_9f7e8.dir/CMakeCCompilerABI.c.obj' '-c' '-march=armv7-a' '-mtune=cortex-a9' '-mfloat-abi=hard' '-mfpu=neon' '-mthumb'
Linking C executable cmTC_9f7e8
/usr/bin/cmake.exe -E cmake_link_script CMakeFiles/cmTC_9f7e8.dir/link.txt --verbose=1
/usr/local/vitasdk/bin/arm-vita-eabi-gcc  -Wl,-q   -Wl,-z,nocopyreloc -v CMakeFiles/cmTC_9f7e8.dir/CMakeCCompilerABI.c.obj  -o cmTC_9f7e8 
Using built-in specs.
COLLECT_GCC=C:\msys64\usr\local\vitasdk\bin\arm-vita-eabi-gcc.exe
COLLECT_LTO_WRAPPER=c:/msys64/usr/local/vitasdk/bin/../lib/gcc/arm-vita-eabi/7.3.0/lto-wrapper.exe
Target: arm-vita-eabi
Configured with: /home/travis/build/vitasdk/autobuilds/buildscripts/build/gcc-final-prefix/src/gcc-final/configure --build=x86_64-linux-gnu --host=x86_64-w64-mingw32 --target=arm-vita-eabi --prefix=/home/travis/build/vitasdk/autobuilds/buildscripts/build/vitasdk --libdir=/home/travis/build/vitasdk/autobuilds/buildscripts/build/vitasdk/lib --libexecdir=/home/travis/build/vitasdk/autobuilds/buildscripts/build/vitasdk/lib --with-sysroot=/home/travis/build/vitasdk/autobuilds/buildscripts/build/vitasdk/arm-vita-eabi --with-gmp=/home/travis/build/vitasdk/autobuilds/buildscripts/build/deps_host --with-mpfr=/home/travis/build/vitasdk/autobuilds/buildscripts/build/deps_host --with-mpc=/home/travis/build/vitasdk/autobuilds/buildscripts/build/deps_host --with-isl=/home/travis/build/vitasdk/autobuilds/buildscripts/build/deps_host --with-libelf=/home/travis/build/vitasdk/autobuilds/buildscripts/build/deps_host --with-python-dir=share/gcc-arm-vita-eabi --enable-languages=c,c++ --disable-decimal-float --disable-libffi --disable-libgomp --disable-libmudflap --disable-libquadmath --disable-libssp --disable-libstdcxx-pch --disable-nls --disable-shared --disable-tls --with-gnu-as --with-gnu-ld --with-newlib --disable-multilib --with-arch=armv7-a --with-tune=cortex-a9 --with-fpu=neon --with-float=hard --with-mode=thumb --with-pkgversion='GNU Tools for ARM Embedded Processors' --with-host-libstdcxx='-static-libgcc -Wl,-Bstatic,-lstdc++,-Bdynamic -lm' --with-headers=yes --enable-threads=posix
Thread model: posix
gcc version 7.3.0 (GNU Tools for ARM Embedded Processors) 
COMPILER_PATH=c:/msys64/usr/local/vitasdk/bin/../lib/gcc/arm-vita-eabi/7.3.0/;c:/msys64/usr/local/vitasdk/bin/../lib/gcc/;c:/msys64/usr/local/vitasdk/bin/../lib/gcc/arm-vita-eabi/7.3.0/../../../../arm-vita-eabi/bin/
LIBRARY_PATH=c:/msys64/usr/local/vitasdk/bin/../lib/gcc/arm-vita-eabi/7.3.0/;c:/msys64/usr/local/vitasdk/bin/../lib/gcc/;c:/msys64/usr/local/vitasdk/bin/../lib/gcc/arm-vita-eabi/7.3.0/../../../../arm-vita-eabi/lib/;c:/msys64/usr/local/vitasdk/bin/../arm-vita-eabi/lib/
COLLECT_GCC_OPTIONS='-v' '-o' 'cmTC_9f7e8' '-march=armv7-a' '-mtune=cortex-a9' '-mfloat-abi=hard' '-mfpu=neon' '-mthumb'
 c:/msys64/usr/local/vitasdk/bin/../lib/gcc/arm-vita-eabi/7.3.0/collect2.exe -plugin c:/msys64/usr/local/vitasdk/bin/../lib/gcc/arm-vita-eabi/7.3.0/liblto_plugin-0.dll -plugin-opt=c:/msys64/usr/local/vitasdk/bin/../lib/gcc/arm-vita-eabi/7.3.0/lto-wrapper.exe -plugin-opt=-fresolution=C:\msys64\tmp\cc1nPshg.res -plugin-opt=-pass-through=-lgcc -plugin-opt=-pass-through=-lc -plugin-opt=-pass-through=-lSceRtc_stub -plugin-opt=-pass-through=-lSceSysmem_stub -plugin-opt=-pass-through=-lSceKernelThreadMgr_stub -plugin-opt=-pass-through=-lSceKernelModulemgr_stub -plugin-opt=-pass-through=-lSceIofilemgr_stub -plugin-opt=-pass-through=-lSceProcessmgr_stub -plugin-opt=-pass-through=-lSceLibKernel_stub -plugin-opt=-pass-through=-lSceNet_stub --sysroot=c:\msys64\usr\local\vitasdk\bin\../arm-vita-eabi -X -o cmTC_9f7e8 c:/msys64/usr/local/vitasdk/bin/../lib/gcc/arm-vita-eabi/7.3.0/crti.o c:/msys64/usr/local/vitasdk/bin/../lib/gcc/arm-vita-eabi/7.3.0/crtbegin.o c:/msys64/usr/local/vitasdk/bin/../lib/gcc/arm-vita-eabi/7.3.0/../../../../arm-vita-eabi/lib/crt0.o -Lc:/msys64/usr/local/vitasdk/bin/../lib/gcc/arm-vita-eabi/7.3.0 -Lc:/msys64/usr/local/vitasdk/bin/../lib/gcc -Lc:/msys64/usr/local/vitasdk/bin/../lib/gcc/arm-vita-eabi/7.3.0/../../../../arm-vita-eabi/lib -Lc:/msys64/usr/local/vitasdk/bin/../arm-vita-eabi/lib -q -z nocopyreloc CMakeFiles/cmTC_9f7e8.dir/CMakeCCompilerABI.c.obj --start-group -lgcc -lc -lSceRtc_stub -lSceSysmem_stub -lSceKernelThreadMgr_stub -lSceKernelModulemgr_stub -lSceIofilemgr_stub -lSceProcessmgr_stub -lSceLibKernel_stub -lSceNet_stub --end-group c:/msys64/usr/local/vitasdk/bin/../lib/gcc/arm-vita-eabi/7.3.0/crtend.o c:/msys64/usr/local/vitasdk/bin/../lib/gcc/arm-vita-eabi/7.3.0/crtn.o
COLLECT_GCC_OPTIONS='-v' '-o' 'cmTC_9f7e8' '-march=armv7-a' '-mtune=cortex-a9' '-mfloat-abi=hard' '-mfpu=neon' '-mthumb'
make[1]: Leaving directory '/d/Scripts/Vita/VEngine/build/CMakeFiles/CMakeTmp'



Parsed C implicit include dir info from above output: rv=done
  found start of include info
  found start of implicit include info
    add: [c:/msys64/usr/local/vitasdk/bin/../lib/gcc/arm-vita-eabi/7.3.0/include]
    add: [c:/msys64/usr/local/vitasdk/bin/../lib/gcc/arm-vita-eabi/7.3.0/include-fixed]
    add: [c:/msys64/usr/local/vitasdk/bin/../lib/gcc/arm-vita-eabi/7.3.0/../../../../arm-vita-eabi/include]
  end of search list found
  skipping relative include dir [c:/msys64/usr/local/vitasdk/bin/../lib/gcc/arm-vita-eabi/7.3.0/include]
  skipping relative include dir [c:/msys64/usr/local/vitasdk/bin/../lib/gcc/arm-vita-eabi/7.3.0/include-fixed]
  skipping relative include dir [c:/msys64/usr/local/vitasdk/bin/../lib/gcc/arm-vita-eabi/7.3.0/../../../../arm-vita-eabi/include]
  implicit include dirs: []


Parsed C implicit link information from above output:
  link line regex: [^( *|.*[/\])(arm-vita-eabi-ld|CMAKE_LINK_STARTFILE-NOTFOUND|([^/\]+-)?ld|collect2)[^/\]*( |$)]
  ignore line: [Change Dir: /d/Scripts/Vita/VEngine/build/CMakeFiles/CMakeTmp]
  ignore line: []
  ignore line: [Run Build Command(s):/usr/bin/make.exe cmTC_9f7e8/fast && /usr/bin/make  -f CMakeFiles/cmTC_9f7e8.dir/build.make CMakeFiles/cmTC_9f7e8.dir/build]
  ignore line: [make[1]: Entering directory '/d/Scripts/Vita/VEngine/build/CMakeFiles/CMakeTmp']
  ignore line: [Building C object CMakeFiles/cmTC_9f7e8.dir/CMakeCCompilerABI.c.obj]
  ignore line: [/usr/local/vitasdk/bin/arm-vita-eabi-gcc   -Wl -q    -v -o CMakeFiles/cmTC_9f7e8.dir/CMakeCCompilerABI.c.obj   -c /usr/share/cmake-3.17.3/Modules/CMakeCCompilerABI.c]
  ignore line: [Using built-in specs.]
  ignore line: [COLLECT_GCC=C:\msys64\usr\local\vitasdk\bin\arm-vita-eabi-gcc.exe]
  ignore line: [Target: arm-vita-eabi]
  ignore line: [Configured with: /home/travis/build/vitasdk/autobuilds/buildscripts/build/gcc-final-prefix/src/gcc-final/configure --build=x86_64-linux-gnu --host=x86_64-w64-mingw32 --target=arm-vita-eabi --prefix=/home/travis/build/vitasdk/autobuilds/buildscripts/build/vitasdk --libdir=/home/travis/build/vitasdk/autobuilds/buildscripts/build/vitasdk/lib --libexecdir=/home/travis/build/vitasdk/autobuilds/buildscripts/build/vitasdk/lib --with-sysroot=/home/travis/build/vitasdk/autobuilds/buildscripts/build/vitasdk/arm-vita-eabi --with-gmp=/home/travis/build/vitasdk/autobuilds/buildscripts/build/deps_host --with-mpfr=/home/travis/build/vitasdk/autobuilds/buildscripts/build/deps_host --with-mpc=/home/travis/build/vitasdk/autobuilds/buildscripts/build/deps_host --with-isl=/home/travis/build/vitasdk/autobuilds/buildscripts/build/deps_host --with-libelf=/home/travis/build/vitasdk/autobuilds/buildscripts/build/deps_host --with-python-dir=share/gcc-arm-vita-eabi --enable-languages=c,c++ --disable-decimal-float --disable-libffi --disable-libgomp --disable-libmudflap --disable-libquadmath --disable-libssp --disable-libstdcxx-pch --disable-nls --disable-shared --disable-tls --with-gnu-as --with-gnu-ld --with-newlib --disable-multilib --with-arch=armv7-a --with-tune=cortex-a9 --with-fpu=neon --with-float=hard --with-mode=thumb --with-pkgversion='GNU Tools for ARM Embedded Processors' --with-host-libstdcxx='-static-libgcc -Wl,-Bstatic,-lstdc++,-Bdynamic -lm' --with-headers=yes --enable-threads=posix]
  ignore line: [Thread model: posix]
  ignore line: [gcc version 7.3.0 (GNU Tools for ARM Embedded Processors) ]
  ignore line: [COLLECT_GCC_OPTIONS='-v' '-o' 'CMakeFiles/cmTC_9f7e8.dir/CMakeCCompilerABI.c.obj' '-c' '-march=armv7-a' '-mtune=cortex-a9' '-mfloat-abi=hard' '-mfpu=neon' '-mthumb']
  ignore line: [ c:/msys64/usr/local/vitasdk/bin/../lib/gcc/arm-vita-eabi/7.3.0/cc1.exe -quiet -v -iprefix c:\msys64\usr\local\vitasdk\bin\../lib/gcc/arm-vita-eabi/7.3.0/ -isysroot c:\msys64\usr\local\vitasdk\bin\../arm-vita-eabi -D__USES_INITFINI__ C:/msys64/usr/share/cmake-3.17.3/Modules/CMakeCCompilerABI.c -quiet -dumpbase CMakeCCompilerABI.c -march=armv7-a -mtune=cortex-a9 -mfloat-abi=hard -mfpu=neon -mthumb -auxbase-strip CMakeFiles/cmTC_9f7e8.dir/CMakeCCompilerABI.c.obj -version -o C:\msys64\tmp\cclusepV.s]
  ignore line: [GNU C11 (GNU Tools for ARM Embedded Processors) version 7.3.0 (arm-vita-eabi)]
  ignore line: [	compiled by GNU C version 4.8.2  GMP version 6.1.2  MPFR version 4.0.0  MPC version 1.1.0  isl version isl-0.18-GMP]
  ignore line: []
  ignore line: [GGC heuristics: --param ggc-min-expand=100 --param ggc-min-heapsize=131072]
  ignore line: [ignoring duplicate directory "c:/msys64/usr/local/vitasdk/lib/gcc/../../lib/gcc/arm-vita-eabi/7.3.0/include"]
  ignore line: [ignoring nonexistent directory "c:\msys64\usr\local\vitasdk\bin\../arm-vita-eabi/home/travis/build/vitasdk/autobuilds/buildscripts/build/vitasdk/lib/gcc/arm-vita-eabi/7.3.0/../../../../include"]
  ignore line: [ignoring duplicate directory "c:/msys64/usr/local/vitasdk/lib/gcc/../../lib/gcc/arm-vita-eabi/7.3.0/include-fixed"]
  ignore line: [ignoring duplicate directory "c:/msys64/usr/local/vitasdk/lib/gcc/../../lib/gcc/arm-vita-eabi/7.3.0/../../../../arm-vita-eabi/include"]
  ignore line: [ignoring nonexistent directory "c:\msys64\usr\local\vitasdk\bin\../arm-vita-eabi/usr/include"]
  ignore line: [#include "..." search starts here:]
  ignore line: [#include <...> search starts here:]
  ignore line: [ c:\msys64\usr\local\vitasdk\bin\../lib/gcc/arm-vita-eabi/7.3.0/include]
  ignore line: [ c:\msys64\usr\local\vitasdk\bin\../lib/gcc/arm-vita-eabi/7.3.0/include-fixed]
  ignore line: [ c:\msys64\usr\local\vitasdk\bin\../lib/gcc/arm-vita-eabi/7.3.0/../../../../arm-vita-eabi/include]
  ignore line: [End of search list.]
  ignore line: [GNU C11 (GNU Tools for ARM Embedded Processors) version 7.3.0 (arm-vita-eabi)]
  ignore line: [	compiled by GNU C version 4.8.2  GMP version 6.1.2  MPFR version 4.0.0  MPC version 1.1.0  isl version isl-0.18-GMP]
  ignore line: []
  ignore line: [GGC heuristics: --param ggc-min-expand=100 --param ggc-min-heapsize=131072]
  ignore line: [Compiler executable checksum: 59ee807170ccc053193fb2d1b08f8770]
  ignore line: [COLLECT_GCC_OPTIONS='-v' '-o' 'CMakeFiles/cmTC_9f7e8.dir/CMakeCCompilerABI.c.obj' '-c' '-march=armv7-a' '-mtune=cortex-a9' '-mfloat-abi=hard' '-mfpu=neon' '-mthumb']
  ignore line: [ c:/msys64/usr/local/vitasdk/bin/../lib/gcc/arm-vita-eabi/7.3.0/../../../../arm-vita-eabi/bin/as.exe -v -march=armv7-a -mfloat-abi=hard -mfpu=neon -meabi=5 -o CMakeFiles/cmTC_9f7e8.dir/CMakeCCompilerABI.c.obj C:\msys64\tmp\cclusepV.s]
  ignore line: [GNU assembler version 2.30 (arm-vita-eabi) using BFD version (GNU Tools for ARM Embedded Processors) 2.30]
  ignore line: [COMPILER_PATH=c:/msys64/usr/local/vitasdk/bin/../lib/gcc/arm-vita-eabi/7.3.0/]
  ignore line: [c:/msys64/usr/local/vitasdk/bin/../lib/gcc/]
  ignore line: [c:/msys64/usr/local/vitasdk/bin/../lib/gcc/arm-vita-eabi/7.3.0/../../../../arm-vita-eabi/bin/]
  ignore line: [LIBRARY_PATH=c:/msys64/usr/local/vitasdk/bin/../lib/gcc/arm-vita-eabi/7.3.0/]
  ignore line: [c:/msys64/usr/local/vitasdk/bin/../lib/gcc/]
  ignore line: [c:/msys64/usr/local/vitasdk/bin/../lib/gcc/arm-vita-eabi/7.3.0/../../../../arm-vita-eabi/lib/]
  ignore line: [c:/msys64/usr/local/vitasdk/bin/../arm-vita-eabi/lib/]
  ignore line: [COLLECT_GCC_OPTIONS='-v' '-o' 'CMakeFiles/cmTC_9f7e8.dir/CMakeCCompilerABI.c.obj' '-c' '-march=armv7-a' '-mtune=cortex-a9' '-mfloat-abi=hard' '-mfpu=neon' '-mthumb']
  ignore line: [Linking C executable cmTC_9f7e8]
  ignore line: [/usr/bin/cmake.exe -E cmake_link_script CMakeFiles/cmTC_9f7e8.dir/link.txt --verbose=1]
  ignore line: [/usr/local/vitasdk/bin/arm-vita-eabi-gcc  -Wl -q   -Wl -z nocopyreloc -v CMakeFiles/cmTC_9f7e8.dir/CMakeCCompilerABI.c.obj  -o cmTC_9f7e8 ]
  ignore line: [Using built-in specs.]
  ignore line: [COLLECT_GCC=C:\msys64\usr\local\vitasdk\bin\arm-vita-eabi-gcc.exe]
  ignore line: [COLLECT_LTO_WRAPPER=c:/msys64/usr/local/vitasdk/bin/../lib/gcc/arm-vita-eabi/7.3.0/lto-wrapper.exe]
  ignore line: [Target: arm-vita-eabi]
  ignore line: [Configured with: /home/travis/build/vitasdk/autobuilds/buildscripts/build/gcc-final-prefix/src/gcc-final/configure --build=x86_64-linux-gnu --host=x86_64-w64-mingw32 --target=arm-vita-eabi --prefix=/home/travis/build/vitasdk/autobuilds/buildscripts/build/vitasdk --libdir=/home/travis/build/vitasdk/autobuilds/buildscripts/build/vitasdk/lib --libexecdir=/home/travis/build/vitasdk/autobuilds/buildscripts/build/vitasdk/lib --with-sysroot=/home/travis/build/vitasdk/autobuilds/buildscripts/build/vitasdk/arm-vita-eabi --with-gmp=/home/travis/build/vitasdk/autobuilds/buildscripts/build/deps_host --with-mpfr=/home/travis/build/vitasdk/autobuilds/buildscripts/build/deps_host --with-mpc=/home/travis/build/vitasdk/autobuilds/buildscripts/build/deps_host --with-isl=/home/travis/build/vitasdk/autobuilds/buildscripts/build/deps_host --with-libelf=/home/travis/build/vitasdk/autobuilds/buildscripts/build/deps_host --with-python-dir=share/gcc-arm-vita-eabi --enable-languages=c,c++ --disable-decimal-float --disable-libffi --disable-libgomp --disable-libmudflap --disable-libquadmath --disable-libssp --disable-libstdcxx-pch --disable-nls --disable-shared --disable-tls --with-gnu-as --with-gnu-ld --with-newlib --disable-multilib --with-arch=armv7-a --with-tune=cortex-a9 --with-fpu=neon --with-float=hard --with-mode=thumb --with-pkgversion='GNU Tools for ARM Embedded Processors' --with-host-libstdcxx='-static-libgcc -Wl,-Bstatic,-lstdc++,-Bdynamic -lm' --with-headers=yes --enable-threads=posix]
  ignore line: [Thread model: posix]
  ignore line: [gcc version 7.3.0 (GNU Tools for ARM Embedded Processors) ]
  ignore line: [COMPILER_PATH=c:/msys64/usr/local/vitasdk/bin/../lib/gcc/arm-vita-eabi/7.3.0/]
  ignore line: [c:/msys64/usr/local/vitasdk/bin/../lib/gcc/]
  ignore line: [c:/msys64/usr/local/vitasdk/bin/../lib/gcc/arm-vita-eabi/7.3.0/../../../../arm-vita-eabi/bin/]
  ignore line: [LIBRARY_PATH=c:/msys64/usr/local/vitasdk/bin/../lib/gcc/arm-vita-eabi/7.3.0/]
  ignore line: [c:/msys64/usr/local/vitasdk/bin/../lib/gcc/]
  ignore line: [c:/msys64/usr/local/vitasdk/bin/../lib/gcc/arm-vita-eabi/7.3.0/../../../../arm-vita-eabi/lib/]
  ignore line: [c:/msys64/usr/local/vitasdk/bin/../arm-vita-eabi/lib/]
  ignore line: [COLLECT_GCC_OPTIONS='-v' '-o' 'cmTC_9f7e8' '-march=armv7-a' '-mtune=cortex-a9' '-mfloat-abi=hard' '-mfpu=neon' '-mthumb']
  link line: [ c:/msys64/usr/local/vitasdk/bin/../lib/gcc/arm-vita-eabi/7.3.0/collect2.exe -plugin c:/msys64/usr/local/vitasdk/bin/../lib/gcc/arm-vita-eabi/7.3.0/liblto_plugin-0.dll -plugin-opt=c:/msys64/usr/local/vitasdk/bin/../lib/gcc/arm-vita-eabi/7.3.0/lto-wrapper.exe -plugin-opt=-fresolution=C:\msys64\tmp\cc1nPshg.res -plugin-opt=-pass-through=-lgcc -plugin-opt=-pass-through=-lc -plugin-opt=-pass-through=-lSceRtc_stub -plugin-opt=-pass-through=-lSceSysmem_stub -plugin-opt=-pass-through=-lSceKernelThreadMgr_stub -plugin-opt=-pass-through=-lSceKernelModulemgr_stub -plugin-opt=-pass-through=-lSceIofilemgr_stub -plugin-opt=-pass-through=-lSceProcessmgr_stub -plugin-opt=-pass-through=-lSceLibKernel_stub -plugin-opt=-pass-through=-lSceNet_stub --sysroot=c:\msys64\usr\local\vitasdk\bin\../arm-vita-eabi -X -o cmTC_9f7e8 c:/msys64/usr/local/vitasdk/bin/../lib/gcc/arm-vita-eabi/7.3.0/crti.o c:/msys64/usr/local/vitasdk/bin/../lib/gcc/arm-vita-eabi/7.3.0/crtbegin.o c:/msys64/usr/local/vitasdk/bin/../lib/gcc/arm-vita-eabi/7.3.0/../../../../arm-vita-eabi/lib/crt0.o -Lc:/msys64/usr/local/vitasdk/bin/../lib/gcc/arm-vita-eabi/7.3.0 -Lc:/msys64/usr/local/vitasdk/bin/../lib/gcc -Lc:/msys64/usr/local/vitasdk/bin/../lib/gcc/arm-vita-eabi/7.3.0/../../../../arm-vita-eabi/lib -Lc:/msys64/usr/local/vitasdk/bin/../arm-vita-eabi/lib -q -z nocopyreloc CMakeFiles/cmTC_9f7e8.dir/CMakeCCompilerABI.c.obj --start-group -lgcc -lc -lSceRtc_stub -lSceSysmem_stub -lSceKernelThreadMgr_stub -lSceKernelModulemgr_stub -lSceIofilemgr_stub -lSceProcessmgr_stub -lSceLibKernel_stub -lSceNet_stub --end-group c:/msys64/usr/local/vitasdk/bin/../lib/gcc/arm-vita-eabi/7.3.0/crtend.o c:/msys64/usr/local/vitasdk/bin/../lib/gcc/arm-vita-eabi/7.3.0/crtn.o]
    arg [c:/msys64/usr/local/vitasdk/bin/../lib/gcc/arm-vita-eabi/7.3.0/collect2.exe] ==> ignore
    arg [-plugin] ==> ignore
    arg [c:/msys64/usr/local/vitasdk/bin/../lib/gcc/arm-vita-eabi/7.3.0/liblto_plugin-0.dll] ==> ignore
    arg [-plugin-opt=c:/msys64/usr/local/vitasdk/bin/../lib/gcc/arm-vita-eabi/7.3.0/lto-wrapper.exe] ==> ignore
    arg [-plugin-opt=-fresolution=C:msys64tmpcc1nPshg.res] ==> ignore
    arg [-plugin-opt=-pass-through=-lgcc] ==> ignore
    arg [-plugin-opt=-pass-through=-lc] ==> ignore
    arg [-plugin-opt=-pass-through=-lSceRtc_stub] ==> ignore
    arg [-plugin-opt=-pass-through=-lSceSysmem_stub] ==> ignore
    arg [-plugin-opt=-pass-through=-lSceKernelThreadMgr_stub] ==> ignore
    arg [-plugin-opt=-pass-through=-lSceKernelModulemgr_stub] ==> ignore
    arg [-plugin-opt=-pass-through=-lSceIofilemgr_stub] ==> ignore
    arg [-plugin-opt=-pass-through=-lSceProcessmgr_stub] ==> ignore
    arg [-plugin-opt=-pass-through=-lSceLibKernel_stub] ==> ignore
    arg [-plugin-opt=-pass-through=-lSceNet_stub] ==> ignore
    arg [--sysroot=c:msys64usrlocalvitasdkbin../arm-vita-eabi] ==> ignore
    arg [-X] ==> ignore
    arg [-o] ==> ignore
    arg [cmTC_9f7e8] ==> ignore
    arg [c:/msys64/usr/local/vitasdk/bin/../lib/gcc/arm-vita-eabi/7.3.0/crti.o] ==> ignore
    arg [c:/msys64/usr/local/vitasdk/bin/../lib/gcc/arm-vita-eabi/7.3.0/crtbegin.o] ==> ignore
    arg [c:/msys64/usr/local/vitasdk/bin/../lib/gcc/arm-vita-eabi/7.3.0/../../../../arm-vita-eabi/lib/crt0.o] ==> ignore
    arg [-Lc:/msys64/usr/local/vitasdk/bin/../lib/gcc/arm-vita-eabi/7.3.0] ==> dir [c:/msys64/usr/local/vitasdk/bin/../lib/gcc/arm-vita-eabi/7.3.0]
    arg [-Lc:/msys64/usr/local/vitasdk/bin/../lib/gcc] ==> dir [c:/msys64/usr/local/vitasdk/bin/../lib/gcc]
    arg [-Lc:/msys64/usr/local/vitasdk/bin/../lib/gcc/arm-vita-eabi/7.3.0/../../../../arm-vita-eabi/lib] ==> dir [c:/msys64/usr/local/vitasdk/bin/../lib/gcc/arm-vita-eabi/7.3.0/../../../../arm-vita-eabi/lib]
    arg [-Lc:/msys64/usr/local/vitasdk/bin/../arm-vita-eabi/lib] ==> dir [c:/msys64/usr/local/vitasdk/bin/../arm-vita-eabi/lib]
    arg [-q] ==> ignore
    arg [-znocopyreloc] ==> ignore
    arg [CMakeFiles/cmTC_9f7e8.dir/CMakeCCompilerABI.c.obj] ==> ignore
    arg [--start-group] ==> ignore
    arg [-lgcc] ==> lib [gcc]
    arg [-lc] ==> lib [c]
    arg [-lSceRtc_stub] ==> lib [SceRtc_stub]
    arg [-lSceSysmem_stub] ==> lib [SceSysmem_stub]
    arg [-lSceKernelThreadMgr_stub] ==> lib [SceKernelThreadMgr_stub]
    arg [-lSceKernelModulemgr_stub] ==> lib [SceKernelModulemgr_stub]
    arg [-lSceIofilemgr_stub] ==> lib [SceIofilemgr_stub]
    arg [-lSceProcessmgr_stub] ==> lib [SceProcessmgr_stub]
    arg [-lSceLibKernel_stub] ==> lib [SceLibKernel_stub]
    arg [-lSceNet_stub] ==> lib [SceNet_stub]
    arg [--end-group] ==> ignore
    arg [c:/msys64/usr/local/vitasdk/bin/../lib/gcc/arm-vita-eabi/7.3.0/crtend.o] ==> ignore
    arg [c:/msys64/usr/local/vitasdk/bin/../lib/gcc/arm-vita-eabi/7.3.0/crtn.o] ==> ignore
  collapse library dir [c:/msys64/usr/local/vitasdk/bin/../lib/gcc/arm-vita-eabi/7.3.0] ==> [c:/msys64/usr/local/vitasdk/lib/gcc/arm-vita-eabi/7.3.0]
  collapse library dir [c:/msys64/usr/local/vitasdk/bin/../lib/gcc] ==> [c:/msys64/usr/local/vitasdk/lib/gcc]
  collapse library dir [c:/msys64/usr/local/vitasdk/bin/../lib/gcc/arm-vita-eabi/7.3.0/../../../../arm-vita-eabi/lib] ==> [c:/msys64/usr/local/vitasdk/arm-vita-eabi/lib]
  collapse library dir [c:/msys64/usr/local/vitasdk/bin/../arm-vita-eabi/lib] ==> [c:/msys64/usr/local/vitasdk/arm-vita-eabi/lib]
  implicit libs: [gcc;c;SceRtc_stub;SceSysmem_stub;SceKernelThreadMgr_stub;SceKernelModulemgr_stub;SceIofilemgr_stub;SceProcessmgr_stub;SceLibKernel_stub;SceNet_stub]
  implicit dirs: [c:/msys64/usr/local/vitasdk/lib/gcc/arm-vita-eabi/7.3.0;c:/msys64/usr/local/vitasdk/lib/gcc;c:/msys64/usr/local/vitasdk/arm-vita-eabi/lib]
  implicit fwks: []


Determining if the CXX compiler works passed with the following output:
Change Dir: /d/Scripts/Vita/VEngine/build/CMakeFiles/CMakeTmp

Run Build Command(s):/usr/bin/make.exe cmTC_a03d5/fast && /usr/bin/make  -f CMakeFiles/cmTC_a03d5.dir/build.make CMakeFiles/cmTC_a03d5.dir/build
make[1]: Entering directory '/d/Scripts/Vita/VEngine/build/CMakeFiles/CMakeTmp'
Building CXX object CMakeFiles/cmTC_a03d5.dir/testCXXCompiler.cxx.obj
/usr/local/vitasdk/bin/arm-vita-eabi-g++    -Wl,-q    -o CMakeFiles/cmTC_a03d5.dir/testCXXCompiler.cxx.obj -c /d/Scripts/Vita/VEngine/build/CMakeFiles/CMakeTmp/testCXXCompiler.cxx
Linking CXX executable cmTC_a03d5
/usr/bin/cmake.exe -E cmake_link_script CMakeFiles/cmTC_a03d5.dir/link.txt --verbose=1
/usr/local/vitasdk/bin/arm-vita-eabi-g++   -Wl,-q   -Wl,-z,nocopyreloc  CMakeFiles/cmTC_a03d5.dir/testCXXCompiler.cxx.obj  -o cmTC_a03d5 
make[1]: Leaving directory '/d/Scripts/Vita/VEngine/build/CMakeFiles/CMakeTmp'



Detecting CXX compiler ABI info compiled with the following output:
Change Dir: /d/Scripts/Vita/VEngine/build/CMakeFiles/CMakeTmp

Run Build Command(s):/usr/bin/make.exe cmTC_9e061/fast && /usr/bin/make  -f CMakeFiles/cmTC_9e061.dir/build.make CMakeFiles/cmTC_9e061.dir/build
make[1]: Entering directory '/d/Scripts/Vita/VEngine/build/CMakeFiles/CMakeTmp'
Building CXX object CMakeFiles/cmTC_9e061.dir/CMakeCXXCompilerABI.cpp.obj
/usr/local/vitasdk/bin/arm-vita-eabi-g++    -Wl,-q    -v -o CMakeFiles/cmTC_9e061.dir/CMakeCXXCompilerABI.cpp.obj -c /usr/share/cmake-3.17.3/Modules/CMakeCXXCompilerABI.cpp
Using built-in specs.
COLLECT_GCC=C:\msys64\usr\local\vitasdk\bin\arm-vita-eabi-g++.exe
Target: arm-vita-eabi
Configured with: /home/travis/build/vitasdk/autobuilds/buildscripts/build/gcc-final-prefix/src/gcc-final/configure --build=x86_64-linux-gnu --host=x86_64-w64-mingw32 --target=arm-vita-eabi --prefix=/home/travis/build/vitasdk/autobuilds/buildscripts/build/vitasdk --libdir=/home/travis/build/vitasdk/autobuilds/buildscripts/build/vitasdk/lib --libexecdir=/home/travis/build/vitasdk/autobuilds/buildscripts/build/vitasdk/lib --with-sysroot=/home/travis/build/vitasdk/autobuilds/buildscripts/build/vitasdk/arm-vita-eabi --with-gmp=/home/travis/build/vitasdk/autobuilds/buildscripts/build/deps_host --with-mpfr=/home/travis/build/vitasdk/autobuilds/buildscripts/build/deps_host --with-mpc=/home/travis/build/vitasdk/autobuilds/buildscripts/build/deps_host --with-isl=/home/travis/build/vitasdk/autobuilds/buildscripts/build/deps_host --with-libelf=/home/travis/build/vitasdk/autobuilds/buildscripts/build/deps_host --with-python-dir=share/gcc-arm-vita-eabi --enable-languages=c,c++ --disable-decimal-float --disable-libffi --disable-libgomp --disable-libmudflap --disable-libquadmath --disable-libssp --disable-libstdcxx-pch --disable-nls --disable-shared --disable-tls --with-gnu-as --with-gnu-ld --with-newlib --disable-multilib --with-arch=armv7-a --with-tune=cortex-a9 --with-fpu=neon --with-float=hard --with-mode=thumb --with-pkgversion='GNU Tools for ARM Embedded Processors' --with-host-libstdcxx='-static-libgcc -Wl,-Bstatic,-lstdc++,-Bdynamic -lm' --with-headers=yes --enable-threads=posix
Thread model: posix
gcc version 7.3.0 (GNU Tools for ARM Embedded Processors) 
COLLECT_GCC_OPTIONS='-v' '-o' 'CMakeFiles/cmTC_9e061.dir/CMakeCXXCompilerABI.cpp.obj' '-c' '-march=armv7-a' '-mtune=cortex-a9' '-mfloat-abi=hard' '-mfpu=neon' '-mthumb'
 c:/msys64/usr/local/vitasdk/bin/../lib/gcc/arm-vita-eabi/7.3.0/cc1plus.exe -quiet -v -iprefix c:\msys64\usr\local\vitasdk\bin\../lib/gcc/arm-vita-eabi/7.3.0/ -isysroot c:\msys64\usr\local\vitasdk\bin\../arm-vita-eabi -D__USES_INITFINI__ C:/msys64/usr/share/cmake-3.17.3/Modules/CMakeCXXCompilerABI.cpp -quiet -dumpbase CMakeCXXCompilerABI.cpp -march=armv7-a -mtune=cortex-a9 -mfloat-abi=hard -mfpu=neon -mthumb -auxbase-strip CMakeFiles/cmTC_9e061.dir/CMakeCXXCompilerABI.cpp.obj -version -o C:\msys64\tmp\ccfQLgHx.s
GNU C++14 (GNU Tools for ARM Embedded Processors) version 7.3.0 (arm-vita-eabi)
	compiled by GNU C version 4.8.2, GMP version 6.1.2, MPFR version 4.0.0, MPC version 1.1.0, isl version isl-0.18-GMP

GGC heuristics: --param ggc-min-expand=100 --param ggc-min-heapsize=131072
ignoring duplicate directory "c:/msys64/usr/local/vitasdk/lib/gcc/../../lib/gcc/arm-vita-eabi/7.3.0/../../../../arm-vita-eabi/include/c++/7.3.0"
ignoring duplicate directory "c:/msys64/usr/local/vitasdk/lib/gcc/../../lib/gcc/arm-vita-eabi/7.3.0/../../../../arm-vita-eabi/include/c++/7.3.0/arm-vita-eabi"
ignoring duplicate directory "c:/msys64/usr/local/vitasdk/lib/gcc/../../lib/gcc/arm-vita-eabi/7.3.0/../../../../arm-vita-eabi/include/c++/7.3.0/backward"
ignoring duplicate directory "c:/msys64/usr/local/vitasdk/lib/gcc/../../lib/gcc/arm-vita-eabi/7.3.0/include"
ignoring nonexistent directory "c:\msys64\usr\local\vitasdk\bin\../arm-vita-eabi/home/travis/build/vitasdk/autobuilds/buildscripts/build/vitasdk/lib/gcc/arm-vita-eabi/7.3.0/../../../../include"
ignoring duplicate directory "c:/msys64/usr/local/vitasdk/lib/gcc/../../lib/gcc/arm-vita-eabi/7.3.0/include-fixed"
ignoring duplicate directory "c:/msys64/usr/local/vitasdk/lib/gcc/../../lib/gcc/arm-vita-eabi/7.3.0/../../../../arm-vita-eabi/include"
ignoring nonexistent directory "c:\msys64\usr\local\vitasdk\bin\../arm-vita-eabi/usr/include"
#include "..." search starts here:
#include <...> search starts here:
 c:\msys64\usr\local\vitasdk\bin\../lib/gcc/arm-vita-eabi/7.3.0/../../../../arm-vita-eabi/include/c++/7.3.0
 c:\msys64\usr\local\vitasdk\bin\../lib/gcc/arm-vita-eabi/7.3.0/../../../../arm-vita-eabi/include/c++/7.3.0/arm-vita-eabi
 c:\msys64\usr\local\vitasdk\bin\../lib/gcc/arm-vita-eabi/7.3.0/../../../../arm-vita-eabi/include/c++/7.3.0/backward
 c:\msys64\usr\local\vitasdk\bin\../lib/gcc/arm-vita-eabi/7.3.0/include
 c:\msys64\usr\local\vitasdk\bin\../lib/gcc/arm-vita-eabi/7.3.0/include-fixed
 c:\msys64\usr\local\vitasdk\bin\../lib/gcc/arm-vita-eabi/7.3.0/../../../../arm-vita-eabi/include
End of search list.
GNU C++14 (GNU Tools for ARM Embedded Processors) version 7.3.0 (arm-vita-eabi)
	compiled by GNU C version 4.8.2, GMP version 6.1.2, MPFR version 4.0.0, MPC version 1.1.0, isl version isl-0.18-GMP

GGC heuristics: --param ggc-min-expand=100 --param ggc-min-heapsize=131072
Compiler executable checksum: e62d75cd2186194f73e834c722f184fd
COLLECT_GCC_OPTIONS='-v' '-o' 'CMakeFiles/cmTC_9e061.dir/CMakeCXXCompilerABI.cpp.obj' '-c' '-march=armv7-a' '-mtune=cortex-a9' '-mfloat-abi=hard' '-mfpu=neon' '-mthumb'
 c:/msys64/usr/local/vitasdk/bin/../lib/gcc/arm-vita-eabi/7.3.0/../../../../arm-vita-eabi/bin/as.exe -v -march=armv7-a -mfloat-abi=hard -mfpu=neon -meabi=5 -o CMakeFiles/cmTC_9e061.dir/CMakeCXXCompilerABI.cpp.obj C:\msys64\tmp\ccfQLgHx.s
GNU assembler version 2.30 (arm-vita-eabi) using BFD version (GNU Tools for ARM Embedded Processors) 2.30
COMPILER_PATH=c:/msys64/usr/local/vitasdk/bin/../lib/gcc/arm-vita-eabi/7.3.0/;c:/msys64/usr/local/vitasdk/bin/../lib/gcc/;c:/msys64/usr/local/vitasdk/bin/../lib/gcc/arm-vita-eabi/7.3.0/../../../../arm-vita-eabi/bin/
LIBRARY_PATH=c:/msys64/usr/local/vitasdk/bin/../lib/gcc/arm-vita-eabi/7.3.0/;c:/msys64/usr/local/vitasdk/bin/../lib/gcc/;c:/msys64/usr/local/vitasdk/bin/../lib/gcc/arm-vita-eabi/7.3.0/../../../../arm-vita-eabi/lib/;c:/msys64/usr/local/vitasdk/bin/../arm-vita-eabi/lib/
COLLECT_GCC_OPTIONS='-v' '-o' 'CMakeFiles/cmTC_9e061.dir/CMakeCXXCompilerABI.cpp.obj' '-c' '-march=armv7-a' '-mtune=cortex-a9' '-mfloat-abi=hard' '-mfpu=neon' '-mthumb'
Linking CXX executable cmTC_9e061
/usr/bin/cmake.exe -E cmake_link_script CMakeFiles/cmTC_9e061.dir/link.txt --verbose=1
/usr/local/vitasdk/bin/arm-vita-eabi-g++   -Wl,-q   -Wl,-z,nocopyreloc -v CMakeFiles/cmTC_9e061.dir/CMakeCXXCompilerABI.cpp.obj  -o cmTC_9e061 
Using built-in specs.
COLLECT_GCC=C:\msys64\usr\local\vitasdk\bin\arm-vita-eabi-g++.exe
COLLECT_LTO_WRAPPER=c:/msys64/usr/local/vitasdk/bin/../lib/gcc/arm-vita-eabi/7.3.0/lto-wrapper.exe
Target: arm-vita-eabi
Configured with: /home/travis/build/vitasdk/autobuilds/buildscripts/build/gcc-final-prefix/src/gcc-final/configure --build=x86_64-linux-gnu --host=x86_64-w64-mingw32 --target=arm-vita-eabi --prefix=/home/travis/build/vitasdk/autobuilds/buildscripts/build/vitasdk --libdir=/home/travis/build/vitasdk/autobuilds/buildscripts/build/vitasdk/lib --libexecdir=/home/travis/build/vitasdk/autobuilds/buildscripts/build/vitasdk/lib --with-sysroot=/home/travis/build/vitasdk/autobuilds/buildscripts/build/vitasdk/arm-vita-eabi --with-gmp=/home/travis/build/vitasdk/autobuilds/buildscripts/build/deps_host --with-mpfr=/home/travis/build/vitasdk/autobuilds/buildscripts/build/deps_host --with-mpc=/home/travis/build/vitasdk/autobuilds/buildscripts/build/deps_host --with-isl=/home/travis/build/vitasdk/autobuilds/buildscripts/build/deps_host --with-libelf=/home/travis/build/vitasdk/autobuilds/buildscripts/build/deps_host --with-python-dir=share/gcc-arm-vita-eabi --enable-languages=c,c++ --disable-decimal-float --disable-libffi --disable-libgomp --disable-libmudflap --disable-libquadmath --disable-libssp --disable-libstdcxx-pch --disable-nls --disable-shared --disable-tls --with-gnu-as --with-gnu-ld --with-newlib --disable-multilib --with-arch=armv7-a --with-tune=cortex-a9 --with-fpu=neon --with-float=hard --with-mode=thumb --with-pkgversion='GNU Tools for ARM Embedded Processors' --with-host-libstdcxx='-static-libgcc -Wl,-Bstatic,-lstdc++,-Bdynamic -lm' --with-headers=yes --enable-threads=posix
Thread model: posix
gcc version 7.3.0 (GNU Tools for ARM Embedded Processors) 
COMPILER_PATH=c:/msys64/usr/local/vitasdk/bin/../lib/gcc/arm-vita-eabi/7.3.0/;c:/msys64/usr/local/vitasdk/bin/../lib/gcc/;c:/msys64/usr/local/vitasdk/bin/../lib/gcc/arm-vita-eabi/7.3.0/../../../../arm-vita-eabi/bin/
LIBRARY_PATH=c:/msys64/usr/local/vitasdk/bin/../lib/gcc/arm-vita-eabi/7.3.0/;c:/msys64/usr/local/vitasdk/bin/../lib/gcc/;c:/msys64/usr/local/vitasdk/bin/../lib/gcc/arm-vita-eabi/7.3.0/../../../../arm-vita-eabi/lib/;c:/msys64/usr/local/vitasdk/bin/../arm-vita-eabi/lib/
COLLECT_GCC_OPTIONS='-v' '-o' 'cmTC_9e061' '-march=armv7-a' '-mtune=cortex-a9' '-mfloat-abi=hard' '-mfpu=neon' '-mthumb'
 c:/msys64/usr/local/vitasdk/bin/../lib/gcc/arm-vita-eabi/7.3.0/collect2.exe -plugin c:/msys64/usr/local/vitasdk/bin/../lib/gcc/arm-vita-eabi/7.3.0/liblto_plugin-0.dll -plugin-opt=c:/msys64/usr/local/vitasdk/bin/../lib/gcc/arm-vita-eabi/7.3.0/lto-wrapper.exe -plugin-opt=-fresolution=C:\msys64\tmp\ccnGW1XW.res -plugin-opt=-pass-through=-lgcc -plugin-opt=-pass-through=-lc -plugin-opt=-pass-through=-lSceRtc_stub -plugin-opt=-pass-through=-lSceSysmem_stub -plugin-opt=-pass-through=-lSceKernelThreadMgr_stub -plugin-opt=-pass-through=-lSceKernelModulemgr_stub -plugin-opt=-pass-through=-lSceIofilemgr_stub -plugin-opt=-pass-through=-lSceProcessmgr_stub -plugin-opt=-pass-through=-lSceLibKernel_stub -plugin-opt=-pass-through=-lSceNet_stub --sysroot=c:\msys64\usr\local\vitasdk\bin\../arm-vita-eabi -X -o cmTC_9e061 c:/msys64/usr/local/vitasdk/bin/../lib/gcc/arm-vita-eabi/7.3.0/crti.o c:/msys64/usr/local/vitasdk/bin/../lib/gcc/arm-vita-eabi/7.3.0/crtbegin.o c:/msys64/usr/local/vitasdk/bin/../lib/gcc/arm-vita-eabi/7.3.0/../../../../arm-vita-eabi/lib/crt0.o -Lc:/msys64/usr/local/vitasdk/bin/../lib/gcc/arm-vita-eabi/7.3.0 -Lc:/msys64/usr/local/vitasdk/bin/../lib/gcc -Lc:/msys64/usr/local/vitasdk/bin/../lib/gcc/arm-vita-eabi/7.3.0/../../../../arm-vita-eabi/lib -Lc:/msys64/usr/local/vitasdk/bin/../arm-vita-eabi/lib -q -z nocopyreloc CMakeFiles/cmTC_9e061.dir/CMakeCXXCompilerABI.cpp.obj -lstdc++ -lm --start-group -lgcc -lc -lSceRtc_stub -lSceSysmem_stub -lSceKernelThreadMgr_stub -lSceKernelModulemgr_stub -lSceIofilemgr_stub -lSceProcessmgr_stub -lSceLibKernel_stub -lSceNet_stub --end-group c:/msys64/usr/local/vitasdk/bin/../lib/gcc/arm-vita-eabi/7.3.0/crtend.o c:/msys64/usr/local/vitasdk/bin/../lib/gcc/arm-vita-eabi/7.3.0/crtn.o
COLLECT_GCC_OPTIONS='-v' '-o' 'cmTC_9e061' '-march=armv7-a' '-mtune=cortex-a9' '-mfloat-abi=hard' '-mfpu=neon' '-mthumb'
make[1]: Leaving directory '/d/Scripts/Vita/VEngine/build/CMakeFiles/CMakeTmp'



Parsed CXX implicit include dir info from above output: rv=done
  found start of include info
  found start of implicit include info
    add: [c:/msys64/usr/local/vitasdk/bin/../lib/gcc/arm-vita-eabi/7.3.0/../../../../arm-vita-eabi/include/c++/7.3.0]
    add: [c:/msys64/usr/local/vitasdk/bin/../lib/gcc/arm-vita-eabi/7.3.0/../../../../arm-vita-eabi/include/c++/7.3.0/arm-vita-eabi]
    add: [c:/msys64/usr/local/vitasdk/bin/../lib/gcc/arm-vita-eabi/7.3.0/../../../../arm-vita-eabi/include/c++/7.3.0/backward]
    add: [c:/msys64/usr/local/vitasdk/bin/../lib/gcc/arm-vita-eabi/7.3.0/include]
    add: [c:/msys64/usr/local/vitasdk/bin/../lib/gcc/arm-vita-eabi/7.3.0/include-fixed]
    add: [c:/msys64/usr/local/vitasdk/bin/../lib/gcc/arm-vita-eabi/7.3.0/../../../../arm-vita-eabi/include]
  end of search list found
  skipping relative include dir [c:/msys64/usr/local/vitasdk/bin/../lib/gcc/arm-vita-eabi/7.3.0/../../../../arm-vita-eabi/include/c++/7.3.0]
  skipping relative include dir [c:/msys64/usr/local/vitasdk/bin/../lib/gcc/arm-vita-eabi/7.3.0/../../../../arm-vita-eabi/include/c++/7.3.0/arm-vita-eabi]
  skipping relative include dir [c:/msys64/usr/local/vitasdk/bin/../lib/gcc/arm-vita-eabi/7.3.0/../../../../arm-vita-eabi/include/c++/7.3.0/backward]
  skipping relative include dir [c:/msys64/usr/local/vitasdk/bin/../lib/gcc/arm-vita-eabi/7.3.0/include]
  skipping relative include dir [c:/msys64/usr/local/vitasdk/bin/../lib/gcc/arm-vita-eabi/7.3.0/include-fixed]
  skipping relative include dir [c:/msys64/usr/local/vitasdk/bin/../lib/gcc/arm-vita-eabi/7.3.0/../../../../arm-vita-eabi/include]
  implicit include dirs: []


Parsed CXX implicit link information from above output:
  link line regex: [^( *|.*[/\])(arm-vita-eabi-ld|CMAKE_LINK_STARTFILE-NOTFOUND|([^/\]+-)?ld|collect2)[^/\]*( |$)]
  ignore line: [Change Dir: /d/Scripts/Vita/VEngine/build/CMakeFiles/CMakeTmp]
  ignore line: []
  ignore line: [Run Build Command(s):/usr/bin/make.exe cmTC_9e061/fast && /usr/bin/make  -f CMakeFiles/cmTC_9e061.dir/build.make CMakeFiles/cmTC_9e061.dir/build]
  ignore line: [make[1]: Entering directory '/d/Scripts/Vita/VEngine/build/CMakeFiles/CMakeTmp']
  ignore line: [Building CXX object CMakeFiles/cmTC_9e061.dir/CMakeCXXCompilerABI.cpp.obj]
  ignore line: [/usr/local/vitasdk/bin/arm-vita-eabi-g++    -Wl -q    -v -o CMakeFiles/cmTC_9e061.dir/CMakeCXXCompilerABI.cpp.obj -c /usr/share/cmake-3.17.3/Modules/CMakeCXXCompilerABI.cpp]
  ignore line: [Using built-in specs.]
  ignore line: [COLLECT_GCC=C:\msys64\usr\local\vitasdk\bin\arm-vita-eabi-g++.exe]
  ignore line: [Target: arm-vita-eabi]
  ignore line: [Configured with: /home/travis/build/vitasdk/autobuilds/buildscripts/build/gcc-final-prefix/src/gcc-final/configure --build=x86_64-linux-gnu --host=x86_64-w64-mingw32 --target=arm-vita-eabi --prefix=/home/travis/build/vitasdk/autobuilds/buildscripts/build/vitasdk --libdir=/home/travis/build/vitasdk/autobuilds/buildscripts/build/vitasdk/lib --libexecdir=/home/travis/build/vitasdk/autobuilds/buildscripts/build/vitasdk/lib --with-sysroot=/home/travis/build/vitasdk/autobuilds/buildscripts/build/vitasdk/arm-vita-eabi --with-gmp=/home/travis/build/vitasdk/autobuilds/buildscripts/build/deps_host --with-mpfr=/home/travis/build/vitasdk/autobuilds/buildscripts/build/deps_host --with-mpc=/home/travis/build/vitasdk/autobuilds/buildscripts/build/deps_host --with-isl=/home/travis/build/vitasdk/autobuilds/buildscripts/build/deps_host --with-libelf=/home/travis/build/vitasdk/autobuilds/buildscripts/build/deps_host --with-python-dir=share/gcc-arm-vita-eabi --enable-languages=c,c++ --disable-decimal-float --disable-libffi --disable-libgomp --disable-libmudflap --disable-libquadmath --disable-libssp --disable-libstdcxx-pch --disable-nls --disable-shared --disable-tls --with-gnu-as --with-gnu-ld --with-newlib --disable-multilib --with-arch=armv7-a --with-tune=cortex-a9 --with-fpu=neon --with-float=hard --with-mode=thumb --with-pkgversion='GNU Tools for ARM Embedded Processors' --with-host-libstdcxx='-static-libgcc -Wl,-Bstatic,-lstdc++,-Bdynamic -lm' --with-headers=yes --enable-threads=posix]
  ignore line: [Thread model: posix]
  ignore line: [gcc version 7.3.0 (GNU Tools for ARM Embedded Processors) ]
  ignore line: [COLLECT_GCC_OPTIONS='-v' '-o' 'CMakeFiles/cmTC_9e061.dir/CMakeCXXCompilerABI.cpp.obj' '-c' '-march=armv7-a' '-mtune=cortex-a9' '-mfloat-abi=hard' '-mfpu=neon' '-mthumb']
  ignore line: [ c:/msys64/usr/local/vitasdk/bin/../lib/gcc/arm-vita-eabi/7.3.0/cc1plus.exe -quiet -v -iprefix c:\msys64\usr\local\vitasdk\bin\../lib/gcc/arm-vita-eabi/7.3.0/ -isysroot c:\msys64\usr\local\vitasdk\bin\../arm-vita-eabi -D__USES_INITFINI__ C:/msys64/usr/share/cmake-3.17.3/Modules/CMakeCXXCompilerABI.cpp -quiet -dumpbase CMakeCXXCompilerABI.cpp -march=armv7-a -mtune=cortex-a9 -mfloat-abi=hard -mfpu=neon -mthumb -auxbase-strip CMakeFiles/cmTC_9e061.dir/CMakeCXXCompilerABI.cpp.obj -version -o C:\msys64\tmp\ccfQLgHx.s]
  ignore line: [GNU C++14 (GNU Tools for ARM Embedded Processors) version 7.3.0 (arm-vita-eabi)]
  ignore line: [	compiled by GNU C version 4.8.2  GMP version 6.1.2  MPFR version 4.0.0  MPC version 1.1.0  isl version isl-0.18-GMP]
  ignore line: []
  ignore line: [GGC heuristics: --param ggc-min-expand=100 --param ggc-min-heapsize=131072]
  ignore line: [ignoring duplicate directory "c:/msys64/usr/local/vitasdk/lib/gcc/../../lib/gcc/arm-vita-eabi/7.3.0/../../../../arm-vita-eabi/include/c++/7.3.0"]
  ignore line: [ignoring duplicate directory "c:/msys64/usr/local/vitasdk/lib/gcc/../../lib/gcc/arm-vita-eabi/7.3.0/../../../../arm-vita-eabi/include/c++/7.3.0/arm-vita-eabi"]
  ignore line: [ignoring duplicate directory "c:/msys64/usr/local/vitasdk/lib/gcc/../../lib/gcc/arm-vita-eabi/7.3.0/../../../../arm-vita-eabi/include/c++/7.3.0/backward"]
  ignore line: [ignoring duplicate directory "c:/msys64/usr/local/vitasdk/lib/gcc/../../lib/gcc/arm-vita-eabi/7.3.0/include"]
  ignore line: [ignoring nonexistent directory "c:\msys64\usr\local\vitasdk\bin\../arm-vita-eabi/home/travis/build/vitasdk/autobuilds/buildscripts/build/vitasdk/lib/gcc/arm-vita-eabi/7.3.0/../../../../include"]
  ignore line: [ignoring duplicate directory "c:/msys64/usr/local/vitasdk/lib/gcc/../../lib/gcc/arm-vita-eabi/7.3.0/include-fixed"]
  ignore line: [ignoring duplicate directory "c:/msys64/usr/local/vitasdk/lib/gcc/../../lib/gcc/arm-vita-eabi/7.3.0/../../../../arm-vita-eabi/include"]
  ignore line: [ignoring nonexistent directory "c:\msys64\usr\local\vitasdk\bin\../arm-vita-eabi/usr/include"]
  ignore line: [#include "..." search starts here:]
  ignore line: [#include <...> search starts here:]
  ignore line: [ c:\msys64\usr\local\vitasdk\bin\../lib/gcc/arm-vita-eabi/7.3.0/../../../../arm-vita-eabi/include/c++/7.3.0]
  ignore line: [ c:\msys64\usr\local\vitasdk\bin\../lib/gcc/arm-vita-eabi/7.3.0/../../../../arm-vita-eabi/include/c++/7.3.0/arm-vita-eabi]
  ignore line: [ c:\msys64\usr\local\vitasdk\bin\../lib/gcc/arm-vita-eabi/7.3.0/../../../../arm-vita-eabi/include/c++/7.3.0/backward]
  ignore line: [ c:\msys64\usr\local\vitasdk\bin\../lib/gcc/arm-vita-eabi/7.3.0/include]
  ignore line: [ c:\msys64\usr\local\vitasdk\bin\../lib/gcc/arm-vita-eabi/7.3.0/include-fixed]
  ignore line: [ c:\msys64\usr\local\vitasdk\bin\../lib/gcc/arm-vita-eabi/7.3.0/../../../../arm-vita-eabi/include]
  ignore line: [End of search list.]
  ignore line: [GNU C++14 (GNU Tools for ARM Embedded Processors) version 7.3.0 (arm-vita-eabi)]
  ignore line: [	compiled by GNU C version 4.8.2  GMP version 6.1.2  MPFR version 4.0.0  MPC version 1.1.0  isl version isl-0.18-GMP]
  ignore line: []
  ignore line: [GGC heuristics: --param ggc-min-expand=100 --param ggc-min-heapsize=131072]
  ignore line: [Compiler executable checksum: e62d75cd2186194f73e834c722f184fd]
  ignore line: [COLLECT_GCC_OPTIONS='-v' '-o' 'CMakeFiles/cmTC_9e061.dir/CMakeCXXCompilerABI.cpp.obj' '-c' '-march=armv7-a' '-mtune=cortex-a9' '-mfloat-abi=hard' '-mfpu=neon' '-mthumb']
  ignore line: [ c:/msys64/usr/local/vitasdk/bin/../lib/gcc/arm-vita-eabi/7.3.0/../../../../arm-vita-eabi/bin/as.exe -v -march=armv7-a -mfloat-abi=hard -mfpu=neon -meabi=5 -o CMakeFiles/cmTC_9e061.dir/CMakeCXXCompilerABI.cpp.obj C:\msys64\tmp\ccfQLgHx.s]
  ignore line: [GNU assembler version 2.30 (arm-vita-eabi) using BFD version (GNU Tools for ARM Embedded Processors) 2.30]
  ignore line: [COMPILER_PATH=c:/msys64/usr/local/vitasdk/bin/../lib/gcc/arm-vita-eabi/7.3.0/]
  ignore line: [c:/msys64/usr/local/vitasdk/bin/../lib/gcc/]
  ignore line: [c:/msys64/usr/local/vitasdk/bin/../lib/gcc/arm-vita-eabi/7.3.0/../../../../arm-vita-eabi/bin/]
  ignore line: [LIBRARY_PATH=c:/msys64/usr/local/vitasdk/bin/../lib/gcc/arm-vita-eabi/7.3.0/]
  ignore line: [c:/msys64/usr/local/vitasdk/bin/../lib/gcc/]
  ignore line: [c:/msys64/usr/local/vitasdk/bin/../lib/gcc/arm-vita-eabi/7.3.0/../../../../arm-vita-eabi/lib/]
  ignore line: [c:/msys64/usr/local/vitasdk/bin/../arm-vita-eabi/lib/]
  ignore line: [COLLECT_GCC_OPTIONS='-v' '-o' 'CMakeFiles/cmTC_9e061.dir/CMakeCXXCompilerABI.cpp.obj' '-c' '-march=armv7-a' '-mtune=cortex-a9' '-mfloat-abi=hard' '-mfpu=neon' '-mthumb']
  ignore line: [Linking CXX executable cmTC_9e061]
  ignore line: [/usr/bin/cmake.exe -E cmake_link_script CMakeFiles/cmTC_9e061.dir/link.txt --verbose=1]
  ignore line: [/usr/local/vitasdk/bin/arm-vita-eabi-g++   -Wl -q   -Wl -z nocopyreloc -v CMakeFiles/cmTC_9e061.dir/CMakeCXXCompilerABI.cpp.obj  -o cmTC_9e061 ]
  ignore line: [Using built-in specs.]
  ignore line: [COLLECT_GCC=C:\msys64\usr\local\vitasdk\bin\arm-vita-eabi-g++.exe]
  ignore line: [COLLECT_LTO_WRAPPER=c:/msys64/usr/local/vitasdk/bin/../lib/gcc/arm-vita-eabi/7.3.0/lto-wrapper.exe]
  ignore line: [Target: arm-vita-eabi]
  ignore line: [Configured with: /home/travis/build/vitasdk/autobuilds/buildscripts/build/gcc-final-prefix/src/gcc-final/configure --build=x86_64-linux-gnu --host=x86_64-w64-mingw32 --target=arm-vita-eabi --prefix=/home/travis/build/vitasdk/autobuilds/buildscripts/build/vitasdk --libdir=/home/travis/build/vitasdk/autobuilds/buildscripts/build/vitasdk/lib --libexecdir=/home/travis/build/vitasdk/autobuilds/buildscripts/build/vitasdk/lib --with-sysroot=/home/travis/build/vitasdk/autobuilds/buildscripts/build/vitasdk/arm-vita-eabi --with-gmp=/home/travis/build/vitasdk/autobuilds/buildscripts/build/deps_host --with-mpfr=/home/travis/build/vitasdk/autobuilds/buildscripts/build/deps_host --with-mpc=/home/travis/build/vitasdk/autobuilds/buildscripts/build/deps_host --with-isl=/home/travis/build/vitasdk/autobuilds/buildscripts/build/deps_host --with-libelf=/home/travis/build/vitasdk/autobuilds/buildscripts/build/deps_host --with-python-dir=share/gcc-arm-vita-eabi --enable-languages=c,c++ --disable-decimal-float --disable-libffi --disable-libgomp --disable-libmudflap --disable-libquadmath --disable-libssp --disable-libstdcxx-pch --disable-nls --disable-shared --disable-tls --with-gnu-as --with-gnu-ld --with-newlib --disable-multilib --with-arch=armv7-a --with-tune=cortex-a9 --with-fpu=neon --with-float=hard --with-mode=thumb --with-pkgversion='GNU Tools for ARM Embedded Processors' --with-host-libstdcxx='-static-libgcc -Wl,-Bstatic,-lstdc++,-Bdynamic -lm' --with-headers=yes --enable-threads=posix]
  ignore line: [Thread model: posix]
  ignore line: [gcc version 7.3.0 (GNU Tools for ARM Embedded Processors) ]
  ignore line: [COMPILER_PATH=c:/msys64/usr/local/vitasdk/bin/../lib/gcc/arm-vita-eabi/7.3.0/]
  ignore line: [c:/msys64/usr/local/vitasdk/bin/../lib/gcc/]
  ignore line: [c:/msys64/usr/local/vitasdk/bin/../lib/gcc/arm-vita-eabi/7.3.0/../../../../arm-vita-eabi/bin/]
  ignore line: [LIBRARY_PATH=c:/msys64/usr/local/vitasdk/bin/../lib/gcc/arm-vita-eabi/7.3.0/]
  ignore line: [c:/msys64/usr/local/vitasdk/bin/../lib/gcc/]
  ignore line: [c:/msys64/usr/local/vitasdk/bin/../lib/gcc/arm-vita-eabi/7.3.0/../../../../arm-vita-eabi/lib/]
  ignore line: [c:/msys64/usr/local/vitasdk/bin/../arm-vita-eabi/lib/]
  ignore line: [COLLECT_GCC_OPTIONS='-v' '-o' 'cmTC_9e061' '-march=armv7-a' '-mtune=cortex-a9' '-mfloat-abi=hard' '-mfpu=neon' '-mthumb']
  link line: [ c:/msys64/usr/local/vitasdk/bin/../lib/gcc/arm-vita-eabi/7.3.0/collect2.exe -plugin c:/msys64/usr/local/vitasdk/bin/../lib/gcc/arm-vita-eabi/7.3.0/liblto_plugin-0.dll -plugin-opt=c:/msys64/usr/local/vitasdk/bin/../lib/gcc/arm-vita-eabi/7.3.0/lto-wrapper.exe -plugin-opt=-fresolution=C:\msys64\tmp\ccnGW1XW.res -plugin-opt=-pass-through=-lgcc -plugin-opt=-pass-through=-lc -plugin-opt=-pass-through=-lSceRtc_stub -plugin-opt=-pass-through=-lSceSysmem_stub -plugin-opt=-pass-through=-lSceKernelThreadMgr_stub -plugin-opt=-pass-through=-lSceKernelModulemgr_stub -plugin-opt=-pass-through=-lSceIofilemgr_stub -plugin-opt=-pass-through=-lSceProcessmgr_stub -plugin-opt=-pass-through=-lSceLibKernel_stub -plugin-opt=-pass-through=-lSceNet_stub --sysroot=c:\msys64\usr\local\vitasdk\bin\../arm-vita-eabi -X -o cmTC_9e061 c:/msys64/usr/local/vitasdk/bin/../lib/gcc/arm-vita-eabi/7.3.0/crti.o c:/msys64/usr/local/vitasdk/bin/../lib/gcc/arm-vita-eabi/7.3.0/crtbegin.o c:/msys64/usr/local/vitasdk/bin/../lib/gcc/arm-vita-eabi/7.3.0/../../../../arm-vita-eabi/lib/crt0.o -Lc:/msys64/usr/local/vitasdk/bin/../lib/gcc/arm-vita-eabi/7.3.0 -Lc:/msys64/usr/local/vitasdk/bin/../lib/gcc -Lc:/msys64/usr/local/vitasdk/bin/../lib/gcc/arm-vita-eabi/7.3.0/../../../../arm-vita-eabi/lib -Lc:/msys64/usr/local/vitasdk/bin/../arm-vita-eabi/lib -q -z nocopyreloc CMakeFiles/cmTC_9e061.dir/CMakeCXXCompilerABI.cpp.obj -lstdc++ -lm --start-group -lgcc -lc -lSceRtc_stub -lSceSysmem_stub -lSceKernelThreadMgr_stub -lSceKernelModulemgr_stub -lSceIofilemgr_stub -lSceProcessmgr_stub -lSceLibKernel_stub -lSceNet_stub --end-group c:/msys64/usr/local/vitasdk/bin/../lib/gcc/arm-vita-eabi/7.3.0/crtend.o c:/msys64/usr/local/vitasdk/bin/../lib/gcc/arm-vita-eabi/7.3.0/crtn.o]
    arg [c:/msys64/usr/local/vitasdk/bin/../lib/gcc/arm-vita-eabi/7.3.0/collect2.exe] ==> ignore
    arg [-plugin] ==> ignore
    arg [c:/msys64/usr/local/vitasdk/bin/../lib/gcc/arm-vita-eabi/7.3.0/liblto_plugin-0.dll] ==> ignore
    arg [-plugin-opt=c:/msys64/usr/local/vitasdk/bin/../lib/gcc/arm-vita-eabi/7.3.0/lto-wrapper.exe] ==> ignore
    arg [-plugin-opt=-fresolution=C:msys64tmpccnGW1XW.res] ==> ignore
    arg [-plugin-opt=-pass-through=-lgcc] ==> ignore
    arg [-plugin-opt=-pass-through=-lc] ==> ignore
    arg [-plugin-opt=-pass-through=-lSceRtc_stub] ==> ignore
    arg [-plugin-opt=-pass-through=-lSceSysmem_stub] ==> ignore
    arg [-plugin-opt=-pass-through=-lSceKernelThreadMgr_stub] ==> ignore
    arg [-plugin-opt=-pass-through=-lSceKernelModulemgr_stub] ==> ignore
    arg [-plugin-opt=-pass-through=-lSceIofilemgr_stub] ==> ignore
    arg [-plugin-opt=-pass-through=-lSceProcessmgr_stub] ==> ignore
    arg [-plugin-opt=-pass-through=-lSceLibKernel_stub] ==> ignore
    arg [-plugin-opt=-pass-through=-lSceNet_stub] ==> ignore
    arg [--sysroot=c:msys64usrlocalvitasdkbin../arm-vita-eabi] ==> ignore
    arg [-X] ==> ignore
    arg [-o] ==> ignore
    arg [cmTC_9e061] ==> ignore
    arg [c:/msys64/usr/local/vitasdk/bin/../lib/gcc/arm-vita-eabi/7.3.0/crti.o] ==> ignore
    arg [c:/msys64/usr/local/vitasdk/bin/../lib/gcc/arm-vita-eabi/7.3.0/crtbegin.o] ==> ignore
    arg [c:/msys64/usr/local/vitasdk/bin/../lib/gcc/arm-vita-eabi/7.3.0/../../../../arm-vita-eabi/lib/crt0.o] ==> ignore
    arg [-Lc:/msys64/usr/local/vitasdk/bin/../lib/gcc/arm-vita-eabi/7.3.0] ==> dir [c:/msys64/usr/local/vitasdk/bin/../lib/gcc/arm-vita-eabi/7.3.0]
    arg [-Lc:/msys64/usr/local/vitasdk/bin/../lib/gcc] ==> dir [c:/msys64/usr/local/vitasdk/bin/../lib/gcc]
    arg [-Lc:/msys64/usr/local/vitasdk/bin/../lib/gcc/arm-vita-eabi/7.3.0/../../../../arm-vita-eabi/lib] ==> dir [c:/msys64/usr/local/vitasdk/bin/../lib/gcc/arm-vita-eabi/7.3.0/../../../../arm-vita-eabi/lib]
    arg [-Lc:/msys64/usr/local/vitasdk/bin/../arm-vita-eabi/lib] ==> dir [c:/msys64/usr/local/vitasdk/bin/../arm-vita-eabi/lib]
    arg [-q] ==> ignore
    arg [-znocopyreloc] ==> ignore
    arg [CMakeFiles/cmTC_9e061.dir/CMakeCXXCompilerABI.cpp.obj] ==> ignore
    arg [-lstdc++] ==> lib [stdc++]
    arg [-lm] ==> lib [m]
    arg [--start-group] ==> ignore
    arg [-lgcc] ==> lib [gcc]
    arg [-lc] ==> lib [c]
    arg [-lSceRtc_stub] ==> lib [SceRtc_stub]
    arg [-lSceSysmem_stub] ==> lib [SceSysmem_stub]
    arg [-lSceKernelThreadMgr_stub] ==> lib [SceKernelThreadMgr_stub]
    arg [-lSceKernelModulemgr_stub] ==> lib [SceKernelModulemgr_stub]
    arg [-lSceIofilemgr_stub] ==> lib [SceIofilemgr_stub]
    arg [-lSceProcessmgr_stub] ==> lib [SceProcessmgr_stub]
    arg [-lSceLibKernel_stub] ==> lib [SceLibKernel_stub]
    arg [-lSceNet_stub] ==> lib [SceNet_stub]
    arg [--end-group] ==> ignore
    arg [c:/msys64/usr/local/vitasdk/bin/../lib/gcc/arm-vita-eabi/7.3.0/crtend.o] ==> ignore
    arg [c:/msys64/usr/local/vitasdk/bin/../lib/gcc/arm-vita-eabi/7.3.0/crtn.o] ==> ignore
  collapse library dir [c:/msys64/usr/local/vitasdk/bin/../lib/gcc/arm-vita-eabi/7.3.0] ==> [c:/msys64/usr/local/vitasdk/lib/gcc/arm-vita-eabi/7.3.0]
  collapse library dir [c:/msys64/usr/local/vitasdk/bin/../lib/gcc] ==> [c:/msys64/usr/local/vitasdk/lib/gcc]
  collapse library dir [c:/msys64/usr/local/vitasdk/bin/../lib/gcc/arm-vita-eabi/7.3.0/../../../../arm-vita-eabi/lib] ==> [c:/msys64/usr/local/vitasdk/arm-vita-eabi/lib]
  collapse library dir [c:/msys64/usr/local/vitasdk/bin/../arm-vita-eabi/lib] ==> [c:/msys64/usr/local/vitasdk/arm-vita-eabi/lib]
  implicit libs: [stdc++;m;gcc;c;SceRtc_stub;SceSysmem_stub;SceKernelThreadMgr_stub;SceKernelModulemgr_stub;SceIofilemgr_stub;SceProcessmgr_stub;SceLibKernel_stub;SceNet_stub]
  implicit dirs: [c:/msys64/usr/local/vitasdk/lib/gcc/arm-vita-eabi/7.3.0;c:/msys64/usr/local/vitasdk/lib/gcc;c:/msys64/usr/local/vitasdk/arm-vita-eabi/lib]
  implicit fwks: []


